Command line:
   Mux4x4_isim_beh.exe
     -simmode  gui
     -simrunnum  0
     -socket  51498

Fri Sep 19 13:40:47 2014


 Elaboration Time: 0.01 sec

 Current Memory Usage: 115.54 Meg

 Total Signals          : 63
 Total Nets             : 46
 Total Signal Drivers   : 5
 Total Blocks           : 9
 Total Primitive Blocks : 8
 Total Processes        : 5
 Total Traceable Variables  : 13
 Total Scalar Nets and Variables : 529
Total Line Count : 37

 Total Simulation Time: 0.2 sec

 Current Memory Usage: 122.888 Meg

Fri Sep 19 13:43:23 2014

