Command line:
   enable190_isim_beh.exe
     -simmode  gui
     -simrunnum  0
     -socket  54556

Fri Sep 19 14:27:09 2014


 Elaboration Time: 0.01 sec

 Current Memory Usage: 115.749 Meg

 Total Signals          : 64
 Total Nets             : 77
 Total Signal Drivers   : 18
 Total Blocks           : 13
 Total Primitive Blocks : 12
 Total Processes        : 18
 Total Traceable Variables  : 19
 Total Scalar Nets and Variables : 600
Total Line Count : 26

 Total Simulation Time: 4.46 sec

 Current Memory Usage: 123.097 Meg

Fri Sep 19 14:48:32 2014

