Release 12.4 - xst M.81d (lin)
Copyright (c) 1995-2010 Xilinx, Inc.  All rights reserved.
--> 
Parameter TMPDIR set to xst/projnav.tmp


Total REAL time to Xst completion: 1.00 secs
Total CPU time to Xst completion: 0.03 secs
 
--> 
Parameter xsthdpdir set to xst


Total REAL time to Xst completion: 1.00 secs
Total CPU time to Xst completion: 0.03 secs
 
--> 
Reading design: toplevel.prj

TABLE OF CONTENTS
  1) Synthesis Options Summary
  2) HDL Parsing
  3) HDL Elaboration
  4) HDL Synthesis
       4.1) HDL Synthesis Report
  5) Advanced HDL Synthesis
       5.1) Advanced HDL Synthesis Report
  6) Low Level Synthesis
  7) Partition Report
  8) Design Summary
       8.1) Primitive and Black Box Usage
       8.2) Device utilization summary
       8.3) Partition Resource Summary
       8.4) Timing Report
            8.4.1) Clock Information
            8.4.2) Asynchronous Control Signals Information
            8.4.3) Timing Summary
            8.4.4) Timing Details
            8.4.5) Cross Clock Domains Report


=========================================================================
*                      Synthesis Options Summary                        *
=========================================================================
---- Source Parameters
Input File Name                    : "toplevel.prj"
Input Format                       : mixed
Ignore Synthesis Constraint File   : NO

---- Target Parameters
Output File Name                   : "toplevel"
Output Format                      : NGC
Target Device                      : xc6slx16-3-csg324

---- Source Options
Top Module Name                    : toplevel
Automatic FSM Extraction           : YES
FSM Encoding Algorithm             : Auto
Safe Implementation                : No
FSM Style                          : LUT
RAM Extraction                     : Yes
RAM Style                          : Auto
ROM Extraction                     : Yes
Shift Register Extraction          : YES
ROM Style                          : Auto
Resource Sharing                   : YES
Asynchronous To Synchronous        : NO
Shift Register Minimum Size        : 2
Use DSP Block                      : Auto
Automatic Register Balancing       : No

---- Target Options
LUT Combining                      : Auto
Reduce Control Sets                : Auto
Add IO Buffers                     : YES
Global Maximum Fanout              : 100000
Add Generic Clock Buffer(BUFG)     : 16
Register Duplication               : YES
Optimize Instantiated Primitives   : NO
Use Clock Enable                   : Auto
Use Synchronous Set                : Auto
Use Synchronous Reset              : Auto
Pack IO Registers into IOBs        : Auto
Equivalent register Removal        : YES

---- General Options
Optimization Goal                  : Speed
Optimization Effort                : 1
Power Reduction                    : NO
Keep Hierarchy                     : No
Netlist Hierarchy                  : As_Optimized
RTL Output                         : Yes
Global Optimization                : AllClockNets
Read Cores                         : YES
Write Timing Constraints           : NO
Cross Clock Analysis               : NO
Hierarchy Separator                : /
Bus Delimiter                      : <>
Case Specifier                     : Maintain
Slice Utilization Ratio            : 100
BRAM Utilization Ratio             : 100
DSP48 Utilization Ratio            : 100
Auto BRAM Packing                  : NO
Slice Utilization Ratio Delta      : 5

=========================================================================


=========================================================================
*                          HDL Parsing                                  *
=========================================================================
Parsing VHDL file "/home/m1/carette/Documents/TP1/x7seg.vhd" into library work
Parsing entity <x7seg>.
Parsing architecture <Behavioral> of entity <x7seg>.
Parsing VHDL file "/home/m1/carette/Documents/TP1/shiftanodes.vhf" into library work
Parsing entity <shiftanodes>.
Parsing architecture <BEHAVIORAL> of entity <shiftanodes>.
Parsing VHDL file "/home/m1/carette/Documents/TP1/Mux4x4.vhf" into library work
Parsing entity <M4_1E_HXILINX_Mux4x4>.
Parsing architecture <M4_1E_HXILINX_Mux4x4_V> of entity <m4_1e_hxilinx_mux4x4>.
Parsing entity <Mux4x4>.
Parsing architecture <BEHAVIORAL> of entity <mux4x4>.
Parsing VHDL file "/home/m1/carette/Documents/TP1/enable190.vhf" into library work
Parsing entity <CB4CE_HXILINX_enable190>.
Parsing architecture <Behavioral> of entity <cb4ce_hxilinx_enable190>.
Parsing entity <CB16CE_HXILINX_enable190>.
Parsing architecture <Behavioral> of entity <cb16ce_hxilinx_enable190>.
Parsing entity <enable190>.
Parsing architecture <BEHAVIORAL> of entity <enable190>.
Parsing VHDL file "/home/m1/carette/Documents/TP1/afficheur.vhf" into library work
Parsing entity <CB4CE_HXILINX_afficheur>.
Parsing architecture <Behavioral> of entity <cb4ce_hxilinx_afficheur>.
Parsing entity <CB16CE_HXILINX_afficheur>.
Parsing architecture <Behavioral> of entity <cb16ce_hxilinx_afficheur>.
Parsing entity <M4_1E_HXILINX_afficheur>.
Parsing architecture <M4_1E_HXILINX_afficheur_V> of entity <m4_1e_hxilinx_afficheur>.
Parsing entity <CB2CE_HXILINX_afficheur>.
Parsing architecture <Behavioral> of entity <cb2ce_hxilinx_afficheur>.
Parsing entity <shiftanodes_MUSER_afficheur>.
Parsing architecture <BEHAVIORAL> of entity <shiftanodes_muser_afficheur>.
Parsing entity <enable190_MUSER_afficheur>.
Parsing architecture <BEHAVIORAL> of entity <enable190_muser_afficheur>.
Parsing entity <Mux4x4_MUSER_afficheur>.
Parsing architecture <BEHAVIORAL> of entity <mux4x4_muser_afficheur>.
Parsing entity <afficheur>.
Parsing architecture <BEHAVIORAL> of entity <afficheur>.
Parsing VHDL file "/home/m1/carette/Documents/TP1/toplevel.vhf" into library work
Parsing entity <CB4CE_HXILINX_toplevel>.
Parsing architecture <Behavioral> of entity <cb4ce_hxilinx_toplevel>.
Parsing entity <IBUF8_HXILINX_toplevel>.
Parsing architecture <IBUF8_HXILINX_toplevel_V> of entity <ibuf8_hxilinx_toplevel>.
Parsing entity <OBUF8_HXILINX_toplevel>.
Parsing architecture <OBUF8_HXILINX_toplevel_V> of entity <obuf8_hxilinx_toplevel>.
Parsing entity <CB16CE_HXILINX_toplevel>.
Parsing architecture <Behavioral> of entity <cb16ce_hxilinx_toplevel>.
Parsing entity <M4_1E_HXILINX_toplevel>.
Parsing architecture <M4_1E_HXILINX_toplevel_V> of entity <m4_1e_hxilinx_toplevel>.
Parsing entity <CB2CE_HXILINX_toplevel>.
Parsing architecture <Behavioral> of entity <cb2ce_hxilinx_toplevel>.
Parsing entity <shiftanodes_MUSER_toplevel>.
Parsing architecture <BEHAVIORAL> of entity <shiftanodes_muser_toplevel>.
Parsing entity <enable190_MUSER_toplevel>.
Parsing architecture <BEHAVIORAL> of entity <enable190_muser_toplevel>.
Parsing entity <Mux4x4_MUSER_toplevel>.
Parsing architecture <BEHAVIORAL> of entity <mux4x4_muser_toplevel>.
Parsing entity <afficheur_MUSER_toplevel>.
Parsing architecture <BEHAVIORAL> of entity <afficheur_muser_toplevel>.
Parsing entity <toplevel>.
Parsing architecture <BEHAVIORAL> of entity <toplevel>.

=========================================================================
*                            HDL Elaboration                            *
=========================================================================

Elaborating entity <toplevel> (architecture <BEHAVIORAL>) from library <work>.

Elaborating entity <IBUF8_HXILINX_toplevel> (architecture <IBUF8_HXILINX_toplevel_V>) from library <work>.

Elaborating entity <OBUF8_HXILINX_toplevel> (architecture <OBUF8_HXILINX_toplevel_V>) from library <work>.

Elaborating entity <afficheur_MUSER_toplevel> (architecture <BEHAVIORAL>) from library <work>.

Elaborating entity <Mux4x4_MUSER_toplevel> (architecture <BEHAVIORAL>) from library <work>.

Elaborating entity <M4_1E_HXILINX_toplevel> (architecture <M4_1E_HXILINX_toplevel_V>) from library <work>.
INFO:HDLCompiler:679 - "/home/m1/carette/Documents/TP1/toplevel.vhf" Line 187. Case statement is complete. others clause is never selected

Elaborating entity <CB2CE_HXILINX_toplevel> (architecture <Behavioral>) from library <work>.

Elaborating entity <enable190_MUSER_toplevel> (architecture <BEHAVIORAL>) from library <work>.

Elaborating entity <CB16CE_HXILINX_toplevel> (architecture <Behavioral>) from library <work>.

Elaborating entity <CB4CE_HXILINX_toplevel> (architecture <Behavioral>) from library <work>.
WARNING:HDLCompiler:634 - "/home/m1/carette/Documents/TP1/toplevel.vhf" Line 318: Net <XLXI_1_CLR_openSignal> does not have a driver.
WARNING:HDLCompiler:634 - "/home/m1/carette/Documents/TP1/toplevel.vhf" Line 319: Net <XLXI_2_CLR_openSignal> does not have a driver.

Elaborating entity <shiftanodes_MUSER_toplevel> (architecture <BEHAVIORAL>) from library <work>.

Elaborating entity <x7seg> (architecture <Behavioral>) from library <work>.
WARNING:HDLCompiler:634 - "/home/m1/carette/Documents/TP1/toplevel.vhf" Line 528: Net <XLXI_8_CLR_openSignal> does not have a driver.

=========================================================================
*                           HDL Synthesis                               *
=========================================================================

Synthesizing Unit <toplevel>.
    Related source file is "/home/m1/carette/Documents/TP1/toplevel.vhf".
    Set property "HU_SET = XLXI_1_8" for instance <XLXI_1>.
    Set property "HU_SET = XLXI_2_9" for instance <XLXI_2>.
    Summary:
	no macro.
Unit <toplevel> synthesized.

Synthesizing Unit <IBUF8_HXILINX_toplevel>.
    Related source file is "/home/m1/carette/Documents/TP1/toplevel.vhf".
    Summary:
	no macro.
Unit <IBUF8_HXILINX_toplevel> synthesized.

Synthesizing Unit <OBUF8_HXILINX_toplevel>.
    Related source file is "/home/m1/carette/Documents/TP1/toplevel.vhf".
    Summary:
	no macro.
Unit <OBUF8_HXILINX_toplevel> synthesized.

Synthesizing Unit <afficheur_MUSER_toplevel>.
    Related source file is "/home/m1/carette/Documents/TP1/toplevel.vhf".
    Set property "HU_SET = XLXI_8_6" for instance <XLXI_8>.
    Set property "HU_SET = XLXI_17_7" for instance <XLXI_17>.
INFO:Xst:3010 - "/home/m1/carette/Documents/TP1/toplevel.vhf" line 608: Output port <CEO> of the instance <XLXI_8> is unconnected or connected to loadless signal.
INFO:Xst:3010 - "/home/m1/carette/Documents/TP1/toplevel.vhf" line 608: Output port <TC> of the instance <XLXI_8> is unconnected or connected to loadless signal.
WARNING:Xst:653 - Signal <XLXI_8_CLR_openSignal> is used but never assigned. This sourceless signal will be automatically connected to value GND.
    Summary:
	no macro.
Unit <afficheur_MUSER_toplevel> synthesized.

Synthesizing Unit <Mux4x4_MUSER_toplevel>.
    Related source file is "/home/m1/carette/Documents/TP1/toplevel.vhf".
    Set property "HU_SET = XLXI_2_2" for instance <XLXI_2>.
    Set property "HU_SET = XLXI_3_3" for instance <XLXI_3>.
    Set property "HU_SET = XLXI_4_4" for instance <XLXI_4>.
    Set property "HU_SET = XLXI_5_5" for instance <XLXI_5>.
    Summary:
	no macro.
Unit <Mux4x4_MUSER_toplevel> synthesized.

Synthesizing Unit <M4_1E_HXILINX_toplevel>.
    Related source file is "/home/m1/carette/Documents/TP1/toplevel.vhf".
    Found 1-bit 4-to-1 multiplexer for signal <S1_D3_Mux_0_o> created at line 182.
    Summary:
	inferred   2 Multiplexer(s).
Unit <M4_1E_HXILINX_toplevel> synthesized.

Synthesizing Unit <CB2CE_HXILINX_toplevel>.
    Related source file is "/home/m1/carette/Documents/TP1/toplevel.vhf".
    Found 2-bit register for signal <COUNT>.
    Found 2-bit adder for signal <COUNT[1]_GND_13_o_add_0_OUT> created at line 226.
    Summary:
	inferred   1 Adder/Subtractor(s).
	inferred   2 D-type flip-flop(s).
	inferred   1 Multiplexer(s).
Unit <CB2CE_HXILINX_toplevel> synthesized.

Synthesizing Unit <enable190_MUSER_toplevel>.
    Related source file is "/home/m1/carette/Documents/TP1/toplevel.vhf".
    Set property "HU_SET = XLXI_1_0" for instance <XLXI_1>.
    Set property "HU_SET = XLXI_2_1" for instance <XLXI_2>.
INFO:Xst:3010 - "/home/m1/carette/Documents/TP1/toplevel.vhf" line 370: Output port <Q> of the instance <XLXI_1> is unconnected or connected to loadless signal.
INFO:Xst:3010 - "/home/m1/carette/Documents/TP1/toplevel.vhf" line 370: Output port <TC> of the instance <XLXI_1> is unconnected or connected to loadless signal.
INFO:Xst:3010 - "/home/m1/carette/Documents/TP1/toplevel.vhf" line 378: Output port <CEO> of the instance <XLXI_2> is unconnected or connected to loadless signal.
INFO:Xst:3010 - "/home/m1/carette/Documents/TP1/toplevel.vhf" line 378: Output port <Q0> of the instance <XLXI_2> is unconnected or connected to loadless signal.
INFO:Xst:3010 - "/home/m1/carette/Documents/TP1/toplevel.vhf" line 378: Output port <Q1> of the instance <XLXI_2> is unconnected or connected to loadless signal.
INFO:Xst:3010 - "/home/m1/carette/Documents/TP1/toplevel.vhf" line 378: Output port <Q3> of the instance <XLXI_2> is unconnected or connected to loadless signal.
INFO:Xst:3010 - "/home/m1/carette/Documents/TP1/toplevel.vhf" line 378: Output port <TC> of the instance <XLXI_2> is unconnected or connected to loadless signal.
WARNING:Xst:653 - Signal <XLXI_1_CLR_openSignal> is used but never assigned. This sourceless signal will be automatically connected to value GND.
WARNING:Xst:653 - Signal <XLXI_2_CLR_openSignal> is used but never assigned. This sourceless signal will be automatically connected to value GND.
    Summary:
	no macro.
Unit <enable190_MUSER_toplevel> synthesized.

Synthesizing Unit <CB16CE_HXILINX_toplevel>.
    Related source file is "/home/m1/carette/Documents/TP1/toplevel.vhf".
    Found 16-bit register for signal <COUNT>.
    Found 16-bit adder for signal <COUNT[15]_GND_15_o_add_0_OUT> created at line 141.
    Summary:
	inferred   1 Adder/Subtractor(s).
	inferred  16 D-type flip-flop(s).
	inferred   1 Multiplexer(s).
Unit <CB16CE_HXILINX_toplevel> synthesized.

Synthesizing Unit <CB4CE_HXILINX_toplevel>.
    Related source file is "/home/m1/carette/Documents/TP1/toplevel.vhf".
    Found 4-bit register for signal <COUNT>.
    Found 4-bit adder for signal <COUNT[3]_GND_16_o_add_0_OUT> created at line 57.
    Summary:
	inferred   1 Adder/Subtractor(s).
	inferred   4 D-type flip-flop(s).
	inferred   1 Multiplexer(s).
Unit <CB4CE_HXILINX_toplevel> synthesized.

Synthesizing Unit <shiftanodes_MUSER_toplevel>.
    Related source file is "/home/m1/carette/Documents/TP1/toplevel.vhf".
    Summary:
	no macro.
Unit <shiftanodes_MUSER_toplevel> synthesized.

Synthesizing Unit <x7seg>.
    Related source file is "/home/m1/carette/Documents/TP1/x7seg.vhd".
    Found 32x7-bit Read Only RAM for signal <sevenseg>
    Summary:
	inferred   1 RAM(s).
Unit <x7seg> synthesized.
RTL-Simplification CPUSTAT: 0.00 
RTL-BasicInf CPUSTAT: 0.12 
RTL-BasicOpt CPUSTAT: 0.00 
RTL-Remain-Bus CPUSTAT: 0.00 

=========================================================================
HDL Synthesis Report

Macro Statistics
# RAMs                                                 : 1
 32x7-bit single-port Read Only RAM                    : 1
# Adders/Subtractors                                   : 3
 16-bit adder                                          : 1
 2-bit adder                                           : 1
 4-bit adder                                           : 1
# Registers                                            : 3
 16-bit register                                       : 1
 2-bit register                                        : 1
 4-bit register                                        : 1
# Multiplexers                                         : 13
 1-bit 2-to-1 multiplexer                              : 8
 1-bit 4-to-1 multiplexer                              : 5

=========================================================================

=========================================================================
*                       Advanced HDL Synthesis                          *
=========================================================================


Synthesizing (advanced) Unit <CB16CE_HXILINX_toplevel>.
The following registers are absorbed into counter <COUNT>: 1 register on signal <COUNT>.
Unit <CB16CE_HXILINX_toplevel> synthesized (advanced).

Synthesizing (advanced) Unit <CB2CE_HXILINX_toplevel>.
The following registers are absorbed into counter <COUNT>: 1 register on signal <COUNT>.
Unit <CB2CE_HXILINX_toplevel> synthesized (advanced).

Synthesizing (advanced) Unit <CB4CE_HXILINX_toplevel>.
The following registers are absorbed into counter <COUNT>: 1 register on signal <COUNT>.
Unit <CB4CE_HXILINX_toplevel> synthesized (advanced).

Synthesizing (advanced) Unit <x7seg>.
INFO:Xst:3031 - HDL ADVISOR - The RAM <Mram_sevenseg> will be implemented on LUTs either because you have described an asynchronous read or because of currently unsupported block RAM features. If you have described an asynchronous read, making it synchronous would allow you to take advantage of available block RAM resources, for optimized device usage and improved timings. Please refer to your documentation for coding guidelines.
    -----------------------------------------------------------------------
    | ram_type           | Distributed                         |          |
    -----------------------------------------------------------------------
    | Port A                                                              |
    |     aspect ratio   | 32-word x 7-bit                     |          |
    |     weA            | connected to signal <GND>           | high     |
    |     addrA          | connected to signal <(e,sw)>        |          |
    |     diA            | connected to signal <GND>           |          |
    |     doA            | connected to signal <sevenseg>      |          |
    -----------------------------------------------------------------------
Unit <x7seg> synthesized (advanced).

=========================================================================
Advanced HDL Synthesis Report

Macro Statistics
# RAMs                                                 : 1
 32x7-bit single-port distributed Read Only RAM        : 1
# Counters                                             : 3
 16-bit up counter                                     : 1
 2-bit up counter                                      : 1
 4-bit up counter                                      : 1
# Registers                                            : 6
 Flip-Flops                                            : 6
# Multiplexers                                         : 10
 1-bit 2-to-1 multiplexer                              : 5
 1-bit 4-to-1 multiplexer                              : 5

=========================================================================

=========================================================================
*                         Low Level Synthesis                           *
=========================================================================

Optimizing unit <toplevel> ...

Optimizing unit <IBUF8_HXILINX_toplevel> ...

Optimizing unit <afficheur_MUSER_toplevel> ...

Optimizing unit <CB2CE_HXILINX_toplevel> ...

Optimizing unit <CB16CE_HXILINX_toplevel> ...

Optimizing unit <CB4CE_HXILINX_toplevel> ...

Optimizing unit <M4_1E_HXILINX_toplevel> ...

Optimizing unit <OBUF8_HXILINX_toplevel> ...
WARNING:Xst:2677 - Node <COUNT_3> of sequential type is unconnected in block <XLXI_7/XLXI_11/XLXI_2>.

Mapping all equations...
Building and optimizing final netlist ...
Found area constraint ratio of 100 (+ 5) on block toplevel, actual ratio is 0.

Final Macro Processing ...

=========================================================================
Final Register Report

Macro Statistics
# Registers                                            : 27
 Flip-Flops                                            : 27

=========================================================================

=========================================================================
*                           Partition Report                            *
=========================================================================

Partition Implementation Status
-------------------------------

  No Partitions were found in this design.

-------------------------------

=========================================================================
*                            Design Summary                             *
=========================================================================

Top Level Output File Name         : toplevel.ngc

Primitive and Black Box Usage:
------------------------------
# BELS                             : 77
#      GND                         : 2
#      INV                         : 4
#      LUT1                        : 15
#      LUT2                        : 2
#      LUT3                        : 1
#      LUT4                        : 4
#      LUT5                        : 7
#      LUT6                        : 4
#      MUXCY                       : 15
#      OR2                         : 1
#      OR4                         : 4
#      VCC                         : 2
#      XORCY                       : 16
# FlipFlops/Latches                : 27
#      FD                          : 2
#      FDCE                        : 21
#      FDE                         : 4
# Clock Buffers                    : 1
#      BUFGP                       : 1
# IO Buffers                       : 27
#      IBUF                        : 8
#      OBUF                        : 19
# Logical                          : 1
#      NOR2                        : 1

Device utilization summary:
---------------------------

Selected Device : 6slx16csg324-3 


Slice Logic Utilization: 
 Number of Slice Registers:              27  out of  18224     0%  
 Number of Slice LUTs:                   37  out of   9112     0%  
    Number used as Logic:                37  out of   9112     0%  

Slice Logic Distribution: 
 Number of LUT Flip Flop pairs used:     64
   Number with an unused Flip Flop:      37  out of     64    57%  
   Number with an unused LUT:            27  out of     64    42%  
   Number of fully used LUT-FF pairs:     0  out of     64     0%  
   Number of unique control sets:         5

IO Utilization: 
 Number of IOs:                          28
 Number of bonded IOBs:                  28  out of    232    12%  

Specific Feature Utilization:
 Number of BUFG/BUFGCTRLs:                1  out of     16     6%  

---------------------------
Partition Resource Summary:
---------------------------

  No Partitions were found in this design.

---------------------------


=========================================================================
Timing Report

NOTE: THESE TIMING NUMBERS ARE ONLY A SYNTHESIS ESTIMATE.
      FOR ACCURATE TIMING INFORMATION PLEASE REFER TO THE TRACE REPORT
      GENERATED AFTER PLACE-and-ROUTE.

Clock Information:
------------------
-----------------------------------+------------------------+-------+
Clock Signal                       | Clock buffer(FF name)  | Load  |
-----------------------------------+------------------------+-------+
clk                                | BUFGP                  | 27    |
-----------------------------------+------------------------+-------+

Asynchronous Control Signals Information:
----------------------------------------
No asynchronous control signals found in this design

Timing Summary:
---------------
Speed Grade: -3

   Minimum period: 3.490ns (Maximum Frequency: 286.504MHz)
   Minimum input arrival time before clock: No path found
   Maximum output required time after clock: 6.258ns
   Maximum combinational path delay: 8.982ns

Timing Details:
---------------
All values displayed in nanoseconds (ns)

=========================================================================
Timing constraint: Default period analysis for Clock 'clk'
  Clock period: 3.490ns (frequency: 286.504MHz)
  Total number of paths / destination ports: 211 / 36
-------------------------------------------------------------------------
Delay:               3.490ns (Levels of Logic = 3)
  Source:            XLXI_7/XLXI_11/XLXI_1/COUNT_5 (FF)
  Destination:       XLXI_7/XLXI_11/XLXI_2/COUNT_0 (FF)
  Source Clock:      clk rising
  Destination Clock: clk rising

  Data Path: XLXI_7/XLXI_11/XLXI_1/COUNT_5 to XLXI_7/XLXI_11/XLXI_2/COUNT_0
                                Gate     Net
    Cell:in->out      fanout   Delay   Delay  Logical Name (Net Name)
    ----------------------------------------  ------------
     FDCE:C->Q             2   0.447   0.981  COUNT_5 (COUNT_5)
     LUT6:I0->O            1   0.203   0.684  COUNT[15]_PWR_15_o_equal_5_o<15>2 (COUNT[15]_PWR_15_o_equal_5_o<15>1)
     LUT6:I4->O            3   0.203   0.650  COUNT[15]_PWR_15_o_equal_5_o<15>3 (CEO)
     end scope: 'XLXI_7/XLXI_11/XLXI_1'
     begin scope: 'XLXI_7/XLXI_11/XLXI_2'
     FDCE:CE                   0.322          COUNT_0
    ----------------------------------------
    Total                      3.490ns (1.175ns logic, 2.315ns route)
                                       (33.7% logic, 66.3% route)

=========================================================================
Timing constraint: Default OFFSET OUT AFTER for Clock 'clk'
  Total number of paths / destination ports: 74 / 11
-------------------------------------------------------------------------
Offset:              6.258ns (Levels of Logic = 5)
  Source:            XLXI_7/XLXI_8/COUNT_0 (FF)
  Destination:       sevenseg<5> (PAD)
  Source Clock:      clk rising

  Data Path: XLXI_7/XLXI_8/COUNT_0 to sevenseg<5>
                                Gate     Net
    Cell:in->out      fanout   Delay   Delay  Logical Name (Net Name)
    ----------------------------------------  ------------
     FDCE:C->Q             7   0.447   1.138  COUNT_0 (COUNT_0)
     end scope: 'XLXI_7/XLXI_8'
     begin scope: 'XLXI_7/XLXI_17'
     LUT6:I0->O            7   0.203   1.118  Mmux_O11 (O)
     end scope: 'XLXI_7/XLXI_17'
     LUT5:I0->O            1   0.203   0.579  XLXI_7/sevenseg<5>1 (sevenseg_5_OBUF)
     OBUF:I->O                 2.571          sevenseg_5_OBUF (sevenseg<5>)
    ----------------------------------------
    Total                      6.258ns (3.424ns logic, 2.834ns route)
                                       (54.7% logic, 45.3% route)

=========================================================================
Timing constraint: Default path analysis
  Total number of paths / destination ports: 148 / 15
-------------------------------------------------------------------------
Delay:               8.982ns (Levels of Logic = 8)
  Source:            switches<7> (PAD)
  Destination:       sevenseg<5> (PAD)

  Data Path: switches<7> to sevenseg<5>
                                Gate     Net
    Cell:in->out      fanout   Delay   Delay  Logical Name (Net Name)
    ----------------------------------------  ------------
     IBUF:I->O             3   1.222   1.015  switches_7_IBUF (switches_7_IBUF)
     begin scope: 'XLXI_1'
     end scope: 'XLXI_1'
     OR4:I0->O             2   0.203   0.981  XLXI_7/XLXI_28 (XLXI_7/XLXN_235)
     OR2:I0->O             1   0.203   0.684  XLXI_7/XLXI_38 (XLXI_7/XLXN_236)
     begin scope: 'XLXI_7/XLXI_17'
     LUT6:I4->O            7   0.203   1.118  Mmux_O11 (O)
     end scope: 'XLXI_7/XLXI_17'
     LUT5:I0->O            1   0.203   0.579  XLXI_7/sevenseg<5>1 (sevenseg_5_OBUF)
     OBUF:I->O                 2.571          sevenseg_5_OBUF (sevenseg<5>)
    ----------------------------------------
    Total                      8.982ns (4.605ns logic, 4.377ns route)
                                       (51.3% logic, 48.7% route)

=========================================================================

Cross Clock Domains Report:
--------------------------

Clock to Setup on destination clock clk
---------------+---------+---------+---------+---------+
               | Src:Rise| Src:Fall| Src:Rise| Src:Fall|
Source Clock   |Dest:Rise|Dest:Rise|Dest:Fall|Dest:Fall|
---------------+---------+---------+---------+---------+
clk            |    3.490|         |         |         |
---------------+---------+---------+---------+---------+

=========================================================================


Total REAL time to Xst completion: 3.00 secs
Total CPU time to Xst completion: 2.10 secs
 
--> 


Total memory usage is 146548 kilobytes

Number of errors   :    0 (   0 filtered)
Number of warnings :    7 (   0 filtered)
Number of infos    :   10 (   0 filtered)

